<?xml version="1.0" encoding="UTF-8"?>
<!-- Generated by org.testng.reporters.JUnitXMLReporter -->
<testsuite ignored="0" hostname="Vinay-Adapa" failures="0" tests="3" name="Default test" time="51.864" errors="0" timestamp="2023-11-22T20:56:40 IST">
  <testcase classname="NaukriTestcases.NaukriTestcases" name="LaunchUrl" time="4.028"/>
  <testcase classname="NaukriTestcases.NaukriTestcases" name="user_Login" time="15.922"/>
  <testcase classname="NaukriTestcases.NaukriTestcases" name="user_Login" time="17.664"/>
</testsuite> <!-- Default test -->
