<?xml version="1.0" encoding="UTF-8"?>
<!-- Generated by org.testng.reporters.JUnitXMLReporter -->
<testsuite ignored="0" hostname="Vinay-Adapa" failures="0" tests="3" name="Default test" time="43.312" errors="0" timestamp="2023-11-24T10:18:27 IST">
  <testcase classname="NaukriTestcases.NaukriTestcases" name="LaunchUrl" time="3.572"/>
  <testcase classname="NaukriTestcases.NaukriTestcases" name="user_Updates" time="15.127"/>
  <testcase classname="NaukriTestcases.NaukriTestcases" name="user_Updates" time="16.011"/>
</testsuite> <!-- Default test -->
