<?xml version="1.0" encoding="UTF-8"?>
<!-- Generated by org.testng.reporters.JUnitXMLReporter -->
<testsuite ignored="0" hostname="Vinay-Adapa" failures="0" tests="3" name="Test" time="127.172" errors="0" timestamp="2023-12-11T21:58:56 IST">
  <testcase classname="NaukriTestcases.NaukriTestcases" name="LaunchUrl" time="6.876"/>
  <testcase classname="NaukriTestcases.NaukriTestcases" name="user_Updates" time="78.421"/>
  <testcase classname="NaukriTestcases.NaukriTestcases" name="user_Updates" time="32.875"/>
</testsuite> <!-- Test -->
