<?xml version="1.0" encoding="UTF-8"?>
<!-- Generated by org.testng.reporters.JUnitXMLReporter -->
<testsuite ignored="0" hostname="Vinay-Adapa" failures="0" tests="3" name="Test" time="47.904" errors="0" timestamp="2023-11-24T10:22:30 IST">
  <testcase classname="NaukriTestcases.NaukriTestcases" name="LaunchUrl" time="3.945"/>
  <testcase classname="NaukriTestcases.NaukriTestcases" name="user_Updates" time="15.751"/>
  <testcase classname="NaukriTestcases.NaukriTestcases" name="user_Updates" time="19.517"/>
</testsuite> <!-- Test -->
