<?xml version="1.0" encoding="UTF-8"?>
<!-- Generated by org.testng.reporters.JUnitXMLReporter -->
<testsuite ignored="0" hostname="Vinay-Adapa" failures="0" tests="3" name="Test" time="56.038" errors="0" timestamp="2023-11-23T09:36:43 IST">
  <testcase classname="NaukriTestcases.NaukriTestcases" name="LaunchUrl" time="4.429"/>
  <testcase classname="NaukriTestcases.NaukriTestcases" name="user_Login" time="19.692"/>
  <testcase classname="NaukriTestcases.NaukriTestcases" name="user_Login" time="22.299"/>
</testsuite> <!-- Test -->
