<?xml version="1.0" encoding="UTF-8"?>
<testsuite xmlns:xsi="http://www.w3.org/2001/XMLSchema-instance" xsi:noNamespaceSchemaLocation="https://maven.apache.org/surefire/maven-surefire-plugin/xsd/surefire-test-report-3.0.xsd" version="3.0" name="TestSuite" time="18.0" tests="2" errors="0" skipped="0" failures="0">
  <properties>
[...]
</properties>
  <testcase name="LaunchUrl" classname="NaukriTestcases.NaukriTestcases" time="2.123">
    <system-out><![CDATA[Actual Name :https://www.naukri.com/ Expected userName : https://www.naukri.com/
]]></system-out>
  </testcase>
  <testcase name="user_Login" classname="NaukriTestcases.NaukriTestcases" time="3.963">
    <system-out><![CDATA[Actual Name :NALLAVALA RAJESWARI Expected userName : Nallavala Rajeswari
]]></system-out>
  </testcase>
</testsuite>