<?xml version="1.0" encoding="UTF-8"?>
<testsuite xmlns:xsi="http://www.w3.org/2001/XMLSchema-instance" xsi:noNamespaceSchemaLocation="https://maven.apache.org/surefire/maven-surefire-plugin/xsd/surefire-test-report-3.0.xsd" version="3.0" name="TestSuite" time="129.43" tests="3" errors="0" skipped="0" failures="0">
  <properties>
[...]
</properties>
  <testcase name="LaunchUrl" classname="NaukriTestcases.NaukriTestcases" time="3.709">
    <system-out><![CDATA[Actual Url :https://www.naukri.com/ Expected Url : https://www.naukri.com/
]]></system-out>
    <system-err><![CDATA[SLF4J: Failed to load class "org.slf4j.impl.StaticLoggerBinder".
SLF4J: Defaulting to no-operation (NOP) logger implementation
SLF4J: See http://www.slf4j.org/codes.html#StaticLoggerBinder for further details.
]]></system-err>
  </testcase>
  <testcase name="user_Updates[vinayadapa7777@gmail.com, QXNob2thZGFwYTMzM0A=, Vinay Adapa, D:\VinayAutomation\Naukri\InputFiles\vinayresume.exe](1)" classname="NaukriTestcases.NaukriTestcases" time="57.145">
    <system-out><![CDATA[clicked on : Login
Entered text : vinayadapa7777@gmail.com
Entered text : Ashokadapa333@
clicked on : Login
Actual Name :vinay adapa Expected userName : vinay adapa
clicked on : View profile
clicked on : Update
Might be in Headless Mode so skipping resume success Message
clicked on : 
clicked on : 
]]></system-out>
  </testcase>
  <testcase name="user_Updates[rajeswariramu98@gmail.com, UmFqaUAxMjM=, Nallavala Rajeswari, D:\VinayAutomation\Naukri\InputFiles\rajeswariresume.exe](2)" classname="NaukriTestcases.NaukriTestcases" time="56.823">
    <system-out><![CDATA[clicked on : Login
Entered text : rajeswariramu98@gmail.com
Entered text : Raji@123
clicked on : Login
Actual Name :nallavala rajeswari Expected userName : nallavala rajeswari
clicked on : Complete profile
clicked on : Update
Might be in Headless Mode so skipping resume success Message
clicked on : 
clicked on : 
]]></system-out>
  </testcase>
</testsuite>