<?xml version="1.0" encoding="UTF-8"?>
<testng-results ignored="0" total="3" passed="3" failed="0" skipped="0">
  <reporter-output>
  </reporter-output>
  <suite started-at="2023-11-25T21:13:56 IST" name="RegressionTest" finished-at="2023-11-25T21:16:03 IST" duration-ms="126706">
    <groups>
    </groups>
    <test started-at="2023-11-25T21:13:56 IST" name="Test" finished-at="2023-11-25T21:16:03 IST" duration-ms="126706">
      <class name="NaukriTestcases.NaukriTestcases">
        <test-method is-config="true" signature="launchBrowser()[pri:0, instance:NaukriTestcases.NaukriTestcases@4f0100a7]" started-at="2023-11-25T21:13:56 IST" name="launchBrowser" finished-at="2023-11-25T21:14:00 IST" duration-ms="3648" status="PASS">
          <reporter-output>
          </reporter-output>
        </test-method> <!-- launchBrowser -->
        <test-method signature="LaunchUrl()[pri:1, instance:NaukriTestcases.NaukriTestcases@4f0100a7]" started-at="2023-11-25T21:14:00 IST" name="LaunchUrl" finished-at="2023-11-25T21:14:03 IST" duration-ms="3422" status="PASS">
          <reporter-output>
          </reporter-output>
        </test-method> <!-- LaunchUrl -->
        <test-method signature="user_Updates(java.lang.String,java.lang.String,java.lang.String,java.lang.String)[pri:0, instance:NaukriTestcases.NaukriTestcases@4f0100a7]" started-at="2023-11-25T21:14:04 IST" name="user_Updates" data-provider="userData" finished-at="2023-11-25T21:14:57 IST" depends-on-methods="NaukriTestcases.NaukriTestcases.LaunchUrl" duration-ms="53705" status="PASS">
          <params>
            <param index="0">
              <value>
                <![CDATA[vinayadapa7777@gmail.com]]>
              </value>
            </param>
            <param index="1">
              <value>
                <![CDATA[QXNob2thZGFwYTMzM0A=]]>
              </value>
            </param>
            <param index="2">
              <value>
                <![CDATA[Vinay Adapa]]>
              </value>
            </param>
            <param index="3">
              <value>
                <![CDATA[D:\VinayAutomation\Naukri\InputFiles\vinayresume.exe]]>
              </value>
            </param>
          </params>
          <reporter-output>
          </reporter-output>
        </test-method> <!-- user_Updates -->
        <test-method signature="user_Updates(java.lang.String,java.lang.String,java.lang.String,java.lang.String)[pri:0, instance:NaukriTestcases.NaukriTestcases@4f0100a7]" started-at="2023-11-25T21:15:01 IST" name="user_Updates" data-provider="userData" finished-at="2023-11-25T21:15:57 IST" depends-on-methods="NaukriTestcases.NaukriTestcases.LaunchUrl" duration-ms="56256" status="PASS">
          <params>
            <param index="0">
              <value>
                <![CDATA[rajeswariramu98@gmail.com]]>
              </value>
            </param>
            <param index="1">
              <value>
                <![CDATA[UmFqaUAxMjM=]]>
              </value>
            </param>
            <param index="2">
              <value>
                <![CDATA[Nallavala Rajeswari]]>
              </value>
            </param>
            <param index="3">
              <value>
                <![CDATA[D:\VinayAutomation\Naukri\InputFiles\rajeswariresume.exe]]>
              </value>
            </param>
          </params>
          <reporter-output>
          </reporter-output>
        </test-method> <!-- user_Updates -->
        <test-method is-config="true" signature="closeBrowser()[pri:0, instance:NaukriTestcases.NaukriTestcases@4f0100a7]" started-at="2023-11-25T21:15:58 IST" name="closeBrowser" finished-at="2023-11-25T21:16:03 IST" duration-ms="5301" status="PASS">
          <reporter-output>
          </reporter-output>
        </test-method> <!-- closeBrowser -->
      </class> <!-- NaukriTestcases.NaukriTestcases -->
    </test> <!-- Test -->
  </suite> <!-- RegressionTest -->
</testng-results>
