<?xml version="1.0" encoding="UTF-8"?>
<!-- Generated by org.testng.reporters.JUnitXMLReporter -->
<testsuite ignored="0" hostname="Vinay-Adapa" failures="0" tests="3" name="Test" time="53.321" errors="0" timestamp="2023-11-25T21:13:29 IST">
  <testcase classname="NaukriTestcases.NaukriTestcases" name="LaunchUrl" time="4.216"/>
  <testcase classname="NaukriTestcases.NaukriTestcases" name="user_Updates" time="16.173"/>
  <testcase classname="NaukriTestcases.NaukriTestcases" name="user_Updates" time="17.314"/>
</testsuite> <!-- Test -->
