<?xml version="1.0" encoding="UTF-8"?>
<testng-results ignored="0" total="3" passed="3" failed="0" skipped="0">
  <reporter-output>
  </reporter-output>
  <suite started-at="2023-11-22T20:55:48 IST" name="Default suite" finished-at="2023-11-22T20:56:40 IST" duration-ms="51864">
    <groups>
    </groups>
    <test started-at="2023-11-22T20:55:48 IST" name="Default test" finished-at="2023-11-22T20:56:40 IST" duration-ms="51864">
      <class name="NaukriTestcases.NaukriTestcases">
        <test-method is-config="true" signature="launchBrowser()[pri:0, instance:NaukriTestcases.NaukriTestcases@74751b3]" started-at="2023-11-22T20:55:48 IST" name="launchBrowser" finished-at="2023-11-22T20:55:57 IST" duration-ms="8732" status="PASS">
          <reporter-output>
          </reporter-output>
        </test-method> <!-- launchBrowser -->
        <test-method signature="LaunchUrl()[pri:1, instance:NaukriTestcases.NaukriTestcases@74751b3]" started-at="2023-11-22T20:55:57 IST" name="LaunchUrl" finished-at="2023-11-22T20:56:01 IST" duration-ms="4028" status="PASS">
          <reporter-output>
          </reporter-output>
        </test-method> <!-- LaunchUrl -->
        <test-method signature="user_Login(java.lang.String,java.lang.String,java.lang.String,java.lang.String)[pri:0, instance:NaukriTestcases.NaukriTestcases@74751b3]" started-at="2023-11-22T20:56:01 IST" name="user_Login" data-provider="userData" finished-at="2023-11-22T20:56:17 IST" depends-on-methods="NaukriTestcases.NaukriTestcases.LaunchUrl" duration-ms="15922" status="PASS">
          <params>
            <param index="0">
              <value>
                <![CDATA[vinayadapa7777@gmail.com]]>
              </value>
            </param>
            <param index="1">
              <value>
                <![CDATA[Ashokadapa333@]]>
              </value>
            </param>
            <param index="2">
              <value>
                <![CDATA[Vinay Adapa]]>
              </value>
            </param>
            <param index="3">
              <value>
                <![CDATA[D:\VinayAutomation\Naukri\InputFiles\vinayresume.exe]]>
              </value>
            </param>
          </params>
          <reporter-output>
          </reporter-output>
        </test-method> <!-- user_Login -->
        <test-method signature="user_Login(java.lang.String,java.lang.String,java.lang.String,java.lang.String)[pri:0, instance:NaukriTestcases.NaukriTestcases@74751b3]" started-at="2023-11-22T20:56:17 IST" name="user_Login" data-provider="userData" finished-at="2023-11-22T20:56:35 IST" depends-on-methods="NaukriTestcases.NaukriTestcases.LaunchUrl" duration-ms="17664" status="PASS">
          <params>
            <param index="0">
              <value>
                <![CDATA[rajeswariramu98@gmail.com]]>
              </value>
            </param>
            <param index="1">
              <value>
                <![CDATA[Raji@123]]>
              </value>
            </param>
            <param index="2">
              <value>
                <![CDATA[Nallavala Rajeswari]]>
              </value>
            </param>
            <param index="3">
              <value>
                <![CDATA[D:\VinayAutomation\Naukri\InputFiles\rajeswariresume.exe]]>
              </value>
            </param>
          </params>
          <reporter-output>
          </reporter-output>
        </test-method> <!-- user_Login -->
        <test-method is-config="true" signature="closeBrowser()[pri:0, instance:NaukriTestcases.NaukriTestcases@74751b3]" started-at="2023-11-22T20:56:35 IST" name="closeBrowser" finished-at="2023-11-22T20:56:40 IST" duration-ms="5486" status="PASS">
          <reporter-output>
          </reporter-output>
        </test-method> <!-- closeBrowser -->
      </class> <!-- NaukriTestcases.NaukriTestcases -->
    </test> <!-- Default test -->
  </suite> <!-- Default suite -->
</testng-results>
