<?xml version="1.0" encoding="UTF-8"?>
<testng-results ignored="0" total="3" passed="3" failed="0" skipped="0">
  <reporter-output>
  </reporter-output>
  <suite started-at="2023-11-25T21:12:36 IST" name="RegressionTest" finished-at="2023-11-25T21:13:29 IST" duration-ms="53321">
    <groups>
    </groups>
    <test started-at="2023-11-25T21:12:36 IST" name="Test" finished-at="2023-11-25T21:13:29 IST" duration-ms="53321">
      <class name="NaukriTestcases.NaukriTestcases">
        <test-method is-config="true" signature="launchBrowser()[pri:0, instance:NaukriTestcases.NaukriTestcases@2796aeae]" started-at="2023-11-25T21:12:36 IST" name="launchBrowser" finished-at="2023-11-25T21:12:41 IST" duration-ms="5121" status="PASS">
          <reporter-output>
          </reporter-output>
        </test-method> <!-- launchBrowser -->
        <test-method signature="LaunchUrl()[pri:1, instance:NaukriTestcases.NaukriTestcases@2796aeae]" started-at="2023-11-25T21:12:41 IST" name="LaunchUrl" finished-at="2023-11-25T21:12:45 IST" duration-ms="4216" status="PASS">
          <reporter-output>
          </reporter-output>
        </test-method> <!-- LaunchUrl -->
        <test-method signature="user_Updates(java.lang.String,java.lang.String,java.lang.String,java.lang.String)[pri:0, instance:NaukriTestcases.NaukriTestcases@2796aeae]" started-at="2023-11-25T21:12:46 IST" name="user_Updates" data-provider="userData" finished-at="2023-11-25T21:13:02 IST" depends-on-methods="NaukriTestcases.NaukriTestcases.LaunchUrl" duration-ms="16173" status="PASS">
          <params>
            <param index="0">
              <value>
                <![CDATA[vinayadapa7777@gmail.com]]>
              </value>
            </param>
            <param index="1">
              <value>
                <![CDATA[QXNob2thZGFwYTMzM0A=]]>
              </value>
            </param>
            <param index="2">
              <value>
                <![CDATA[Vinay Adapa]]>
              </value>
            </param>
            <param index="3">
              <value>
                <![CDATA[D:\VinayAutomation\Naukri\InputFiles\vinayresume.exe]]>
              </value>
            </param>
          </params>
          <reporter-output>
          </reporter-output>
        </test-method> <!-- user_Updates -->
        <test-method signature="user_Updates(java.lang.String,java.lang.String,java.lang.String,java.lang.String)[pri:0, instance:NaukriTestcases.NaukriTestcases@2796aeae]" started-at="2023-11-25T21:13:04 IST" name="user_Updates" data-provider="userData" finished-at="2023-11-25T21:13:21 IST" depends-on-methods="NaukriTestcases.NaukriTestcases.LaunchUrl" duration-ms="17314" status="PASS">
          <params>
            <param index="0">
              <value>
                <![CDATA[rajeswariramu98@gmail.com]]>
              </value>
            </param>
            <param index="1">
              <value>
                <![CDATA[UmFqaUAxMjM=]]>
              </value>
            </param>
            <param index="2">
              <value>
                <![CDATA[Nallavala Rajeswari]]>
              </value>
            </param>
            <param index="3">
              <value>
                <![CDATA[D:\VinayAutomation\Naukri\InputFiles\rajeswariresume.exe]]>
              </value>
            </param>
          </params>
          <reporter-output>
          </reporter-output>
        </test-method> <!-- user_Updates -->
        <test-method is-config="true" signature="closeBrowser()[pri:0, instance:NaukriTestcases.NaukriTestcases@2796aeae]" started-at="2023-11-25T21:13:24 IST" name="closeBrowser" finished-at="2023-11-25T21:13:29 IST" duration-ms="5525" status="PASS">
          <reporter-output>
          </reporter-output>
        </test-method> <!-- closeBrowser -->
      </class> <!-- NaukriTestcases.NaukriTestcases -->
    </test> <!-- Test -->
  </suite> <!-- RegressionTest -->
</testng-results>
